<endpoint version="1.0.0" key="test-endpoint" feature="custom.microsoft.microsoftbi">
  <model/>
  <view type="freemarker" contenttype="text/plain" macro="false"/>
  <controller id="basic" path="/test-endpoint"/>
</endpoint>